pcdl_commit_2           time:   [235.60 µs 247.58 µs 256.64 µs]
                        change: [-11.959% -9.4756% -6.5730%] (p = 0.00 < 0.05)
                        Performance has improved.

pcdl_commit_3           time:   [346.07 µs 367.56 µs 404.48 µs]
                        change: [+1.4791% +10.516% +19.276%] (p = 0.04 < 0.05)
                        Performance has regressed.

pcdl_commit_4           time:   [491.60 µs 493.59 µs 496.25 µs]
                        change: [-12.875% -12.500% -12.109%] (p = 0.00 < 0.05)
                        Performance has improved.
Found 2 outliers among 10 measurements (20.00%)
  1 (10.00%) high mild
  1 (10.00%) high severe

pcdl_commit_5           time:   [767.21 µs 769.64 µs 772.27 µs]
                        change: [-14.442% -13.715% -13.050%] (p = 0.00 < 0.05)
                        Performance has improved.
Found 2 outliers among 10 measurements (20.00%)
  1 (10.00%) low mild
  1 (10.00%) high mild

pcdl_commit_6           time:   [1.2498 ms 1.2990 ms 1.3428 ms]
                        change: [-15.056% -13.033% -10.739%] (p = 0.00 < 0.05)
                        Performance has improved.
Found 1 outliers among 10 measurements (10.00%)
  1 (10.00%) high severe

pcdl_commit_7           time:   [1.9447 ms 1.9656 ms 2.0244 ms]
                        change: [-13.306% -10.093% -6.9008%] (p = 0.00 < 0.05)
                        Performance has improved.

pcdl_commit_8           time:   [3.3406 ms 3.3784 ms 3.4223 ms]
                        change: [-15.125% -13.155% -11.490%] (p = 0.00 < 0.05)
                        Performance has improved.
Found 2 outliers among 10 measurements (20.00%)
  2 (20.00%) high severe

pcdl_commit_9           time:   [5.7287 ms 5.9705 ms 6.5134 ms]
                        change: [-8.2410% -2.5934% +3.3494%] (p = 0.43 > 0.05)
                        No change in performance detected.

pcdl_commit_10          time:   [9.8040 ms 9.8264 ms 9.8478 ms]
                        change: [-13.835% -13.408% -12.984%] (p = 0.00 < 0.05)
                        Performance has improved.
Found 3 outliers among 10 measurements (30.00%)
  1 (10.00%) low mild
  2 (20.00%) high mild

pcdl_commit_11          time:   [17.726 ms 17.992 ms 18.278 ms]
                        change: [-18.099% -15.366% -12.869%] (p = 0.00 < 0.05)
                        Performance has improved.

pcdl_commit_12          time:   [32.037 ms 32.464 ms 33.542 ms]
                        change: [-11.551% -8.6647% -5.6938%] (p = 0.00 < 0.05)
                        Performance has improved.

Benchmarking pcdl_commit_13: Warming up for 3.0000 s
Warning: Unable to complete 10 samples in 2.0s. You may wish to increase target time to 3.5s or enable flat sampling.
pcdl_commit_13          time:   [58.774 ms 59.200 ms 59.557 ms]
                        change: [-20.552% -18.215% -15.984%] (p = 0.00 < 0.05)
                        Performance has improved.
Found 2 outliers among 10 measurements (20.00%)
  1 (10.00%) high mild
  1 (10.00%) high severe

pcdl_commit_14          time:   [113.98 ms 117.67 ms 120.48 ms]
                        change: [-17.020% -13.310% -9.6862%] (p = 0.00 < 0.05)
                        Performance has improved.
Found 4 outliers among 10 measurements (40.00%)
  2 (20.00%) low severe
  1 (10.00%) high mild
  1 (10.00%) high severe

Benchmarking pcdl_commit_15: Warming up for 3.0000 s
Warning: Unable to complete 10 samples in 2.0s. You may wish to increase target time to 2.0s.
pcdl_commit_15          time:   [199.28 ms 200.27 ms 202.01 ms]
                        change: [-25.283% -22.652% -19.788%] (p = 0.00 < 0.05)
                        Performance has improved.
Found 1 outliers among 10 measurements (10.00%)
  1 (10.00%) high severe

Benchmarking pcdl_commit_16: Warming up for 3.0000 s
Warning: Unable to complete 10 samples in 2.0s. You may wish to increase target time to 4.0s.
pcdl_commit_16          time:   [373.71 ms 386.44 ms 399.67 ms]
                        change: [-12.855% -10.026% -7.0785%] (p = 0.00 < 0.05)
                        Performance has improved.

Benchmarking pcdl_commit_17: Warming up for 3.0000 s
Warning: Unable to complete 10 samples in 2.0s. You may wish to increase target time to 4.8s.
pcdl_commit_17          time:   [408.13 ms 417.85 ms 432.84 ms]
                        change: [-28.207% -25.887% -23.060%] (p = 0.00 < 0.05)
                        Performance has improved.
Found 2 outliers among 10 measurements (20.00%)
  1 (10.00%) high mild
  1 (10.00%) high severe

Benchmarking pcdl_commit_18: Warming up for 3.0000 s
Warning: Unable to complete 10 samples in 2.0s. You may wish to increase target time to 6.3s.
pcdl_commit_18          time:   [560.95 ms 596.85 ms 634.92 ms]
                        change: [-25.661% -20.609% -14.710%] (p = 0.00 < 0.05)
                        Performance has improved.

Benchmarking pcdl_commit_19: Warming up for 3.0000 s
Warning: Unable to complete 10 samples in 2.0s. You may wish to increase target time to 10.2s.
pcdl_commit_19          time:   [935.26 ms 1.0084 s 1.0906 s]
                        change: [-24.955% -19.302% -11.801%] (p = 0.00 < 0.05)
                        Performance has improved.

Benchmarking pcdl_commit_20: Warming up for 3.0000 s
Warning: Unable to complete 10 samples in 2.0s. You may wish to increase target time to 14.1s.
pcdl_commit_20          time:   [1.4613 s 1.5895 s 1.7214 s]
                        change: [-27.691% -21.905% -15.000%] (p = 0.00 < 0.05)
                        Performance has improved.

pcdl_open_2             time:   [1.7854 ms 1.9022 ms 2.0237 ms]
                        change: [-16.757% -9.0477% -0.3895%] (p = 0.06 > 0.05)
                        No change in performance detected.

pcdl_open_3             time:   [3.8229 ms 4.2098 ms 4.5468 ms]
                        change: [-9.1037% -0.3482% +10.293%] (p = 0.94 > 0.05)
                        No change in performance detected.

pcdl_open_4             time:   [6.5072 ms 7.1773 ms 8.1266 ms]
                        change: [-10.980% -1.0854% +10.341%] (p = 0.86 > 0.05)
                        No change in performance detected.
Found 1 outliers among 10 measurements (10.00%)
  1 (10.00%) high mild

pcdl_open_5             time:   [9.5913 ms 10.656 ms 11.414 ms]
                        change: [-8.9053% +4.5637% +21.158%] (p = 0.59 > 0.05)
                        No change in performance detected.
Found 1 outliers among 10 measurements (10.00%)
  1 (10.00%) high severe

pcdl_open_6             time:   [13.973 ms 14.788 ms 15.904 ms]
                        change: [-4.1807% +3.0532% +10.257%] (p = 0.45 > 0.05)
                        No change in performance detected.

pcdl_open_7             time:   [20.048 ms 20.852 ms 21.617 ms]
                        change: [-15.901% -10.316% -4.0929%] (p = 0.01 < 0.05)
                        Performance has improved.
Found 1 outliers among 10 measurements (10.00%)
  1 (10.00%) high mild

pcdl_open_8             time:   [28.123 ms 30.045 ms 31.343 ms]
                        change: [-17.564% -12.657% -7.5751%] (p = 0.00 < 0.05)
                        Performance has improved.

Benchmarking pcdl_open_9: Warming up for 3.0000 s
Warning: Unable to complete 10 samples in 2.0s. You may wish to increase target time to 2.6s or enable flat sampling.
pcdl_open_9             time:   [45.188 ms 48.349 ms 51.396 ms]
                        change: [-18.752% -13.411% -8.0251%] (p = 0.00 < 0.05)
                        Performance has improved.

pcdl_open_10            time:   [74.148 ms 77.214 ms 80.230 ms]
                        change: [-14.855% -10.439% -6.1624%] (p = 0.00 < 0.05)
                        Performance has improved.

pcdl_open_11            time:   [118.06 ms 125.54 ms 133.26 ms]
                        change: [-19.700% -14.173% -8.1666%] (p = 0.00 < 0.05)
                        Performance has improved.

Benchmarking pcdl_open_12: Warming up for 3.0000 s
Warning: Unable to complete 10 samples in 2.0s. You may wish to increase target time to 2.3s.
pcdl_open_12            time:   [202.61 ms 215.54 ms 232.16 ms]
                        change: [-25.088% -19.817% -12.764%] (p = 0.00 < 0.05)
                        Performance has improved.
Found 1 outliers among 10 measurements (10.00%)
  1 (10.00%) high mild

Benchmarking pcdl_open_13: Warming up for 3.0000 s
Warning: Unable to complete 10 samples in 2.0s. You may wish to increase target time to 4.2s.
pcdl_open_13            time:   [384.13 ms 407.04 ms 429.66 ms]
                        change: [-21.673% -17.097% -12.672%] (p = 0.00 < 0.05)
                        Performance has improved.

Benchmarking pcdl_open_14: Warming up for 3.0000 s
Warning: Unable to complete 10 samples in 2.0s. You may wish to increase target time to 7.4s.
pcdl_open_14            time:   [712.52 ms 755.27 ms 796.81 ms]
                        change: [-22.371% -18.020% -12.979%] (p = 0.00 < 0.05)
                        Performance has improved.

Benchmarking pcdl_open_15: Warming up for 3.0000 s
Warning: Unable to complete 10 samples in 2.0s. You may wish to increase target time to 13.8s.
pcdl_open_15            time:   [1.3402 s 1.4158 s 1.4952 s]
                        change: [-21.516% -17.461% -12.949%] (p = 0.00 < 0.05)
                        Performance has improved.

Benchmarking pcdl_open_16: Warming up for 3.0000 s
Warning: Unable to complete 10 samples in 2.0s. You may wish to increase target time to 26.8s.
pcdl_open_16            time:   [2.5488 s 2.6278 s 2.7083 s]
                        change: [-22.361% -19.639% -16.926%] (p = 0.00 < 0.05)
                        Performance has improved.

Benchmarking pcdl_open_17: Warming up for 3.0000 s
Warning: Unable to complete 10 samples in 2.0s. You may wish to increase target time to 49.0s.
pcdl_open_17            time:   [4.7235 s 4.7734 s 4.8366 s]
                        change: [-19.449% -18.198% -16.873%] (p = 0.00 < 0.05)
                        Performance has improved.
Found 2 outliers among 10 measurements (20.00%)
  1 (10.00%) high mild
  1 (10.00%) high severe

Benchmarking pcdl_open_18: Warming up for 3.0000 s
Warning: Unable to complete 10 samples in 2.0s. You may wish to increase target time to 81.8s.
pcdl_open_18            time:   [8.4844 s 8.5810 s 8.7113 s]
                        change: [-17.953% -16.867% -15.371%] (p = 0.00 < 0.05)
                        Performance has improved.
Found 1 outliers among 10 measurements (10.00%)
  1 (10.00%) high mild

Benchmarking pcdl_open_19: Warming up for 3.0000 s
Warning: Unable to complete 10 samples in 2.0s. You may wish to increase target time to 151.4s.
pcdl_open_19            time:   [15.055 s 15.379 s 15.700 s]
                        change: [-71.809% -71.154% -70.464%] (p = 0.00 < 0.05)
                        Performance has improved.

Benchmarking pcdl_open_20: Warming up for 3.0000 s
Warning: Unable to complete 10 samples in 2.0s. You may wish to increase target time to 273.8s.
pcdl_open_20            time:   [27.707 s 27.994 s 28.291 s]
                        change: [-73.874% -72.909% -72.162%] (p = 0.00 < 0.05)
                        Performance has improved.

pcdl_check_2            time:   [964.49 µs 986.67 µs 1.0108 ms]
                        change: [-25.484% -19.962% -14.489%] (p = 0.00 < 0.05)
                        Performance has improved.
Found 2 outliers among 10 measurements (20.00%)
  2 (20.00%) high severe

pcdl_check_3            time:   [1.2429 ms 1.2741 ms 1.3148 ms]
                        change: [-12.941% -11.788% -10.259%] (p = 0.00 < 0.05)
                        Performance has improved.
Found 2 outliers among 10 measurements (20.00%)
  2 (20.00%) high severe

pcdl_check_4            time:   [1.5727 ms 1.5978 ms 1.6619 ms]
                        change: [-13.812% -10.667% -7.2892%] (p = 0.00 < 0.05)
                        Performance has improved.

pcdl_check_5            time:   [2.1162 ms 2.2056 ms 2.2807 ms]
                        change: [-12.971% -10.525% -8.3972%] (p = 0.00 < 0.05)
                        Performance has improved.
Found 2 outliers among 10 measurements (20.00%)
  1 (10.00%) low severe
  1 (10.00%) high severe

pcdl_check_6            time:   [2.7108 ms 2.7144 ms 2.7192 ms]
                        change: [-13.730% -12.580% -10.780%] (p = 0.00 < 0.05)
                        Performance has improved.
Found 2 outliers among 10 measurements (20.00%)
  2 (20.00%) high severe

pcdl_check_7            time:   [3.7400 ms 3.8700 ms 4.0190 ms]
                        change: [-11.733% -9.4637% -6.7311%] (p = 0.00 < 0.05)
                        Performance has improved.

pcdl_check_8            time:   [5.3214 ms 5.3603 ms 5.4100 ms]
                        change: [-12.456% -12.152% -11.742%] (p = 0.00 < 0.05)
                        Performance has improved.
Found 1 outliers among 10 measurements (10.00%)
  1 (10.00%) high severe

pcdl_check_9            time:   [8.0908 ms 8.2229 ms 8.5580 ms]
                        change: [-12.398% -9.2800% -6.2220%] (p = 0.00 < 0.05)
                        Performance has improved.

pcdl_check_10           time:   [14.355 ms 14.690 ms 15.236 ms]
                        change: [-8.0202% -4.0358% -0.2611%] (p = 0.08 > 0.05)
                        No change in performance detected.

pcdl_check_11           time:   [22.076 ms 22.293 ms 22.669 ms]
                        change: [-13.591% -10.556% -7.0072%] (p = 0.00 < 0.05)
                        Performance has improved.

Benchmarking pcdl_check_12: Warming up for 3.0000 s
Warning: Unable to complete 10 samples in 2.0s. You may wish to increase target time to 2.4s or enable flat sampling.
pcdl_check_12           time:   [38.861 ms 39.560 ms 40.302 ms]
                        change: [-19.143% -17.207% -15.213%] (p = 0.00 < 0.05)
                        Performance has improved.
Found 1 outliers among 10 measurements (10.00%)
  1 (10.00%) high severe

pcdl_check_13           time:   [71.685 ms 72.104 ms 72.714 ms]
                        change: [-13.942% -13.219% -12.413%] (p = 0.00 < 0.05)
                        Performance has improved.
Found 2 outliers among 10 measurements (20.00%)
  2 (20.00%) high severe

pcdl_check_14           time:   [133.66 ms 137.95 ms 142.66 ms]
                        change: [-16.054% -12.313% -8.4132%] (p = 0.00 < 0.05)
                        Performance has improved.

Benchmarking pcdl_check_15: Warming up for 3.0000 s
Warning: Unable to complete 10 samples in 2.0s. You may wish to increase target time to 2.8s.
pcdl_check_15           time:   [255.54 ms 264.46 ms 272.93 ms]
                        change: [-13.430% -9.6743% -6.3174%] (p = 0.00 < 0.05)
                        Performance has improved.

Benchmarking pcdl_check_16: Warming up for 3.0000 s
Warning: Unable to complete 10 samples in 2.0s. You may wish to increase target time to 5.1s.
pcdl_check_16           time:   [471.37 ms 485.53 ms 500.24 ms]
                        change: [-15.752% -12.719% -9.9965%] (p = 0.00 < 0.05)
                        Performance has improved.

Benchmarking pcdl_check_17: Warming up for 3.0000 s
Warning: Unable to complete 10 samples in 2.0s. You may wish to increase target time to 7.2s.
pcdl_check_17           time:   [633.66 ms 666.09 ms 699.34 ms]
                        change: [-42.770% -39.155% -36.146%] (p = 0.00 < 0.05)
                        Performance has improved.

Benchmarking pcdl_check_18: Warming up for 3.0000 s
Warning: Unable to complete 10 samples in 2.0s. You may wish to increase target time to 11.2s.
pcdl_check_18           time:   [1.0324 s 1.0861 s 1.1392 s]
                        change: [-52.522% -49.857% -47.527%] (p = 0.00 < 0.05)
                        Performance has improved.

Benchmarking pcdl_check_19: Warming up for 3.0000 s
Warning: Unable to complete 10 samples in 2.0s. You may wish to increase target time to 19.8s.
pcdl_check_19           time:   [1.9359 s 2.0326 s 2.1270 s]
                        change: [-52.438% -50.231% -47.899%] (p = 0.00 < 0.05)
                        Performance has improved.

Benchmarking pcdl_check_20: Warming up for 3.0000 s
Warning: Unable to complete 10 samples in 2.0s. You may wish to increase target time to 36.2s.
pcdl_check_20           time:   [3.6280 s 3.6855 s 3.7442 s]
                        change: [-56.387% -55.625% -54.847%] (p = 0.00 < 0.05)
                        Performance has improved.

pcdl_succinct_check_2   time:   [783.94 µs 788.78 µs 797.31 µs]
                        change: [-12.459% -12.028% -11.420%] (p = 0.00 < 0.05)
                        Performance has improved.
Found 4 outliers among 10 measurements (40.00%)
  2 (20.00%) low severe
  1 (10.00%) high mild
  1 (10.00%) high severe

pcdl_succinct_check_3   time:   [941.80 µs 955.88 µs 991.41 µs]
                        change: [-11.675% -8.5124% -4.9340%] (p = 0.00 < 0.05)
                        Performance has improved.

pcdl_succinct_check_4   time:   [1.1255 ms 1.1655 ms 1.1949 ms]
                        change: [-10.525% -8.1406% -5.9991%] (p = 0.00 < 0.05)
                        Performance has improved.

pcdl_succinct_check_5   time:   [1.3175 ms 1.3638 ms 1.3977 ms]
                        change: [-6.8022% -4.9345% -3.7866%] (p = 0.00 < 0.05)
                        Performance has improved.
Found 1 outliers among 10 measurements (10.00%)
  1 (10.00%) low severe

pcdl_succinct_check_6   time:   [1.4421 ms 1.4437 ms 1.4464 ms]
                        change: [-13.736% -12.966% -12.439%] (p = 0.00 < 0.05)
                        Performance has improved.

pcdl_succinct_check_7   time:   [1.7086 ms 1.7498 ms 1.7683 ms]
                        change: [-10.704% -8.1185% -5.7602%] (p = 0.00 < 0.05)
                        Performance has improved.

pcdl_succinct_check_8   time:   [1.7686 ms 1.8203 ms 1.8649 ms]
                        change: [-15.562% -13.328% -11.290%] (p = 0.00 < 0.05)
                        Performance has improved.
Found 2 outliers among 10 measurements (20.00%)
  2 (20.00%) high severe

pcdl_succinct_check_9   time:   [1.9240 ms 1.9534 ms 2.0288 ms]
                        change: [-11.030% -7.9883% -4.8728%] (p = 0.00 < 0.05)
                        Performance has improved.

pcdl_succinct_check_10  time:   [2.1944 ms 2.2974 ms 2.4048 ms]
                        change: [-4.6824% -1.0658% +2.4435%] (p = 0.59 > 0.05)
                        No change in performance detected.
Found 1 outliers among 10 measurements (10.00%)
  1 (10.00%) low mild

pcdl_succinct_check_11  time:   [2.3110 ms 2.4096 ms 2.4620 ms]
                        change: [-18.400% -15.151% -11.773%] (p = 0.00 < 0.05)
                        Performance has improved.

pcdl_succinct_check_12  time:   [2.6136 ms 2.7334 ms 2.8360 ms]
                        change: [-10.489% -7.0822% -2.9463%] (p = 0.00 < 0.05)
                        Performance has improved.

pcdl_succinct_check_13  time:   [2.6135 ms 2.7365 ms 2.8038 ms]
                        change: [-22.609% -19.703% -16.843%] (p = 0.00 < 0.05)
                        Performance has improved.

pcdl_succinct_check_14  time:   [2.7499 ms 2.8011 ms 2.9269 ms]
                        change: [-19.091% -15.313% -11.785%] (p = 0.00 < 0.05)
                        Performance has improved.

pcdl_succinct_check_15  time:   [2.9982 ms 3.1154 ms 3.1737 ms]
                        change: [-25.760% -21.517% -17.299%] (p = 0.00 < 0.05)
                        Performance has improved.

pcdl_succinct_check_16  time:   [3.0815 ms 3.1435 ms 3.2832 ms]
                        change: [-11.959% -8.8776% -6.1733%] (p = 0.00 < 0.05)
                        Performance has improved.

pcdl_succinct_check_17  time:   [3.5040 ms 3.6917 ms 3.8703 ms]
                        change: [-10.127% -6.1303% -1.6795%] (p = 0.01 < 0.05)
                        Performance has improved.

pcdl_succinct_check_18  time:   [3.3946 ms 3.3977 ms 3.4033 ms]
                        change: [-19.085% -16.689% -14.371%] (p = 0.00 < 0.05)
                        Performance has improved.
Found 3 outliers among 10 measurements (30.00%)
  1 (10.00%) low mild
  2 (20.00%) high severe

pcdl_succinct_check_19  time:   [3.6704 ms 3.8041 ms 3.9056 ms]
                        change: [-10.647% -8.4632% -6.1902%] (p = 0.00 < 0.05)
                        Performance has improved.

pcdl_succinct_check_20  time:   [3.9119 ms 4.0697 ms 4.1424 ms]
                        change: [-13.149% -10.462% -7.6754%] (p = 0.00 < 0.05)
                        Performance has improved.

acc_prover_2            time:   [3.1899 ms 3.2404 ms 3.3291 ms]
                        change: [-1.1438% +3.4512% +8.6409%] (p = 0.22 > 0.05)
                        No change in performance detected.

acc_prover_3            time:   [5.6728 ms 5.9584 ms 6.2597 ms]
                        change: [+14.234% +24.998% +34.846%] (p = 0.00 < 0.05)
                        Performance has regressed.
Found 1 outliers among 10 measurements (10.00%)
  1 (10.00%) high mild

acc_prover_4            time:   [7.9564 ms 8.6243 ms 9.4454 ms]
                        change: [+12.248% +22.125% +31.544%] (p = 0.00 < 0.05)
                        Performance has regressed.

acc_prover_5            time:   [10.781 ms 11.844 ms 12.708 ms]
                        change: [+4.9065% +12.663% +21.467%] (p = 0.01 < 0.05)
                        Performance has regressed.
Found 1 outliers among 10 measurements (10.00%)
  1 (10.00%) high mild

acc_prover_6            time:   [16.499 ms 17.282 ms 18.143 ms]
                        change: [-24.115% -19.057% -12.907%] (p = 0.00 < 0.05)
                        Performance has improved.

acc_prover_7            time:   [21.652 ms 22.264 ms 22.945 ms]
                        change: [-22.038% -18.188% -13.524%] (p = 0.00 < 0.05)
                        Performance has improved.
Found 1 outliers among 10 measurements (10.00%)
  1 (10.00%) high mild

acc_prover_8            time:   [31.390 ms 33.052 ms 35.254 ms]
                        change: [-36.274% -32.509% -27.847%] (p = 0.00 < 0.05)
                        Performance has improved.
Found 1 outliers among 10 measurements (10.00%)
  1 (10.00%) high mild

Benchmarking acc_prover_9: Warming up for 3.0000 s
Warning: Unable to complete 10 samples in 2.0s. You may wish to increase target time to 2.8s or enable flat sampling.
acc_prover_9            time:   [46.587 ms 48.915 ms 52.494 ms]
                        change: [-46.197% -43.639% -39.939%] (p = 0.00 < 0.05)
                        Performance has improved.

acc_prover_10           time:   [78.043 ms 81.380 ms 84.761 ms]
                        change: [-55.409% -53.113% -50.789%] (p = 0.00 < 0.05)
                        Performance has improved.

acc_prover_11           time:   [129.90 ms 136.64 ms 143.42 ms]
                        change: [-59.782% -57.744% -55.543%] (p = 0.00 < 0.05)
                        Performance has improved.

Benchmarking acc_prover_12: Warming up for 3.0000 s
Warning: Unable to complete 10 samples in 2.0s. You may wish to increase target time to 2.4s.
acc_prover_12           time:   [203.26 ms 209.20 ms 214.90 ms]
                        change: [-69.006% -67.695% -66.555%] (p = 0.00 < 0.05)
                        Performance has improved.

Benchmarking acc_prover_13: Warming up for 3.0000 s
Warning: Unable to complete 10 samples in 2.0s. You may wish to increase target time to 4.4s.
acc_prover_13           time:   [384.92 ms 411.25 ms 437.71 ms]
                        change: [-69.494% -67.503% -65.202%] (p = 0.00 < 0.05)
                        Performance has improved.

Benchmarking acc_prover_14: Warming up for 3.0000 s
Warning: Unable to complete 10 samples in 2.0s. You may wish to increase target time to 8.0s.
acc_prover_14           time:   [721.97 ms 766.01 ms 810.72 ms]
                        change: [-71.604% -69.613% -67.793%] (p = 0.00 < 0.05)
                        Performance has improved.

Benchmarking acc_prover_15: Warming up for 3.0000 s
Warning: Unable to complete 10 samples in 2.0s. You may wish to increase target time to 14.8s.
acc_prover_15           time:   [1.3547 s 1.4255 s 1.4938 s]
                        change: [-73.204% -71.796% -70.289%] (p = 0.00 < 0.05)
                        Performance has improved.

Benchmarking acc_prover_16: Warming up for 3.0000 s
Warning: Unable to complete 10 samples in 2.0s. You may wish to increase target time to 28.4s.
acc_prover_16           time:   [2.6789 s 2.7615 s 2.8512 s]
                        change: [-79.254% -77.204% -75.052%] (p = 0.00 < 0.05)
                        Performance has improved.

Benchmarking acc_prover_17: Warming up for 3.0000 s
Warning: Unable to complete 10 samples in 2.0s. You may wish to increase target time to 51.3s.
acc_prover_17           time:   [4.9219 s 4.9749 s 5.0363 s]
                        change: [-81.108% -80.202% -79.206%] (p = 0.00 < 0.05)
                        Performance has improved.

Benchmarking acc_prover_18: Warming up for 3.0000 s
Warning: Unable to complete 10 samples in 2.0s. You may wish to increase target time to 93.0s.
acc_prover_18           time:   [8.7542 s 8.8431 s 8.9400 s]
                        change: [-82.347% -81.208% -80.050%] (p = 0.00 < 0.05)
                        Performance has improved.

Benchmarking acc_prover_19: Warming up for 3.0000 s
Warning: Unable to complete 10 samples in 2.0s. You may wish to increase target time to 167.6s.
acc_prover_19           time:   [15.898 s 16.050 s 16.199 s]
                        change: [-83.566% -82.753% -81.866%] (p = 0.00 < 0.05)
                        Performance has improved.
Found 2 outliers among 10 measurements (20.00%)
  1 (10.00%) low mild
  1 (10.00%) high mild

Benchmarking acc_prover_20: Warming up for 3.0000 s
Warning: Unable to complete 10 samples in 2.0s. You may wish to increase target time to 305.2s.
acc_prover_20           time:   [29.905 s 30.194 s 30.492 s]
                        change: [-83.494% -83.042% -82.587%] (p = 0.00 < 0.05)
                        Performance has improved.

acc_verifier_2          time:   [1.1090 ms 1.1228 ms 1.1564 ms]
                        change: [-13.117% -10.281% -7.4278%] (p = 0.00 < 0.05)
                        Performance has improved.

acc_verifier_3          time:   [1.2623 ms 1.2846 ms 1.3047 ms]
                        change: [-12.671% -11.897% -11.016%] (p = 0.00 < 0.05)
                        Performance has improved.
Found 2 outliers among 10 measurements (20.00%)
  1 (10.00%) high mild
  1 (10.00%) high severe

acc_verifier_4          time:   [1.4684 ms 1.5154 ms 1.5575 ms]
                        change: [-7.4162% -5.8032% -4.5970%] (p = 0.00 < 0.05)
                        Performance has improved.
Found 1 outliers among 10 measurements (10.00%)
  1 (10.00%) low severe

acc_verifier_5          time:   [1.5862 ms 1.6447 ms 1.7070 ms]
                        change: [-18.363% -15.224% -11.957%] (p = 0.00 < 0.05)
                        Performance has improved.
Found 2 outliers among 10 measurements (20.00%)
  2 (20.00%) high severe

acc_verifier_6          time:   [1.7830 ms 1.8271 ms 1.9323 ms]
                        change: [-9.6227% -6.9227% -4.5041%] (p = 0.00 < 0.05)
                        Performance has improved.

acc_verifier_7          time:   [2.0299 ms 2.0897 ms 2.1175 ms]
                        change: [-12.545% -9.9264% -7.6736%] (p = 0.00 < 0.05)
                        Performance has improved.

acc_verifier_8          time:   [2.0886 ms 2.1934 ms 2.2516 ms]
                        change: [-14.691% -12.060% -9.4592%] (p = 0.00 < 0.05)
                        Performance has improved.
Found 1 outliers among 10 measurements (10.00%)
  1 (10.00%) high mild

acc_verifier_9          time:   [2.2167 ms 2.2685 ms 2.3125 ms]
                        change: [-23.772% -21.293% -18.676%] (p = 0.00 < 0.05)
                        Performance has improved.
Found 1 outliers among 10 measurements (10.00%)
  1 (10.00%) high severe

acc_verifier_10         time:   [2.4099 ms 2.4246 ms 2.4450 ms]
                        change: [-23.298% -18.205% -14.706%] (p = 0.00 < 0.05)
                        Performance has improved.
Found 1 outliers among 10 measurements (10.00%)
  1 (10.00%) high severe

acc_verifier_11         time:   [2.6027 ms 2.6439 ms 2.6750 ms]
                        change: [-28.334% -25.316% -22.459%] (p = 0.00 < 0.05)
                        Performance has improved.
Found 1 outliers among 10 measurements (10.00%)
  1 (10.00%) high mild

acc_verifier_12         time:   [2.9909 ms 3.0673 ms 3.1484 ms]
                        change: [-21.889% -19.324% -16.522%] (p = 0.00 < 0.05)
                        Performance has improved.

acc_verifier_13         time:   [2.9037 ms 2.9228 ms 2.9487 ms]
                        change: [-17.272% -16.284% -15.184%] (p = 0.00 < 0.05)
                        Performance has improved.
Found 1 outliers among 10 measurements (10.00%)
  1 (10.00%) high severe

acc_verifier_14         time:   [3.3243 ms 3.3926 ms 3.4367 ms]
                        change: [-10.458% -8.0600% -5.4683%] (p = 0.00 < 0.05)
                        Performance has improved.

acc_verifier_15         time:   [3.2569 ms 3.2887 ms 3.3298 ms]
                        change: [-14.703% -13.123% -11.561%] (p = 0.00 < 0.05)
                        Performance has improved.
Found 1 outliers among 10 measurements (10.00%)
  1 (10.00%) high mild

acc_verifier_16         time:   [3.4811 ms 3.6128 ms 3.8017 ms]
                        change: [-20.167% -16.191% -12.005%] (p = 0.00 < 0.05)
                        Performance has improved.
Found 3 outliers among 10 measurements (30.00%)
  2 (20.00%) low severe
  1 (10.00%) high mild

acc_verifier_17         time:   [3.6057 ms 3.7477 ms 3.8461 ms]
                        change: [-23.971% -21.277% -18.191%] (p = 0.00 < 0.05)
                        Performance has improved.
Found 2 outliers among 10 measurements (20.00%)
  1 (10.00%) high mild
  1 (10.00%) high severe

acc_verifier_18         time:   [3.7428 ms 3.7486 ms 3.7601 ms]
                        change: [-21.717% -16.915% -10.475%] (p = 0.00 < 0.05)
                        Performance has improved.
Found 2 outliers among 10 measurements (20.00%)
  1 (10.00%) low severe
  1 (10.00%) high severe

acc_verifier_19         time:   [3.9360 ms 4.0676 ms 4.2616 ms]
                        change: [-13.347% -9.8376% -6.9790%] (p = 0.00 < 0.05)
                        Performance has improved.
Found 2 outliers among 10 measurements (20.00%)
  2 (20.00%) low severe

acc_verifier_20         time:   [4.5430 ms 4.5880 ms 4.6674 ms]
                        change: [-17.486% -12.387% -6.8575%] (p = 0.00 < 0.05)
                        Performance has improved.
Found 1 outliers among 10 measurements (10.00%)
  1 (10.00%) low mild

acc_decider_2           time:   [954.54 µs 972.65 µs 989.04 µs]
                        change: [-16.015% -14.720% -13.341%] (p = 0.00 < 0.05)
                        Performance has improved.
Found 1 outliers among 10 measurements (10.00%)
  1 (10.00%) high mild

acc_decider_3           time:   [1.2346 ms 1.3463 ms 1.4446 ms]
                        change: [-20.316% -16.454% -11.717%] (p = 0.00 < 0.05)
                        Performance has improved.
Found 2 outliers among 10 measurements (20.00%)
  1 (10.00%) high mild
  1 (10.00%) high severe

acc_decider_4           time:   [1.6038 ms 1.6564 ms 1.7574 ms]
                        change: [-18.485% -14.298% -10.145%] (p = 0.00 < 0.05)
                        Performance has improved.

acc_decider_5           time:   [2.1453 ms 2.2073 ms 2.2372 ms]
                        change: [-28.451% -24.459% -20.181%] (p = 0.00 < 0.05)
                        Performance has improved.

acc_decider_6           time:   [2.7101 ms 2.7573 ms 2.8779 ms]
                        change: [-18.439% -13.924% -9.2532%] (p = 0.00 < 0.05)
                        Performance has improved.

acc_decider_7           time:   [3.9603 ms 4.0146 ms 4.0350 ms]
                        change: [-24.989% -18.858% -12.464%] (p = 0.00 < 0.05)
                        Performance has improved.

acc_decider_8           time:   [5.7274 ms 5.9444 ms 6.2338 ms]
                        change: [-5.3012% -2.3942% +0.8894%] (p = 0.15 > 0.05)
                        No change in performance detected.
Found 4 outliers among 10 measurements (40.00%)
  1 (10.00%) low severe
  1 (10.00%) low mild
  2 (20.00%) high severe

acc_decider_9           time:   [8.4058 ms 8.7175 ms 8.8570 ms]
                        change: [-14.961% -12.231% -9.5138%] (p = 0.00 < 0.05)
                        Performance has improved.

acc_decider_10          time:   [12.988 ms 13.103 ms 13.369 ms]
                        change: [-12.770% -9.9334% -6.7939%] (p = 0.00 < 0.05)
                        Performance has improved.

acc_decider_11          time:   [23.572 ms 24.019 ms 24.273 ms]
                        change: [-20.843% -16.583% -12.517%] (p = 0.00 < 0.05)
                        Performance has improved.

Benchmarking acc_decider_12: Warming up for 3.0000 s
Warning: Unable to complete 10 samples in 2.0s. You may wish to increase target time to 2.3s or enable flat sampling.
acc_decider_12          time:   [42.903 ms 43.178 ms 43.571 ms]
                        change: [-13.787% -9.5246% -5.6955%] (p = 0.00 < 0.05)
                        Performance has improved.
Found 2 outliers among 10 measurements (20.00%)
  2 (20.00%) high mild

acc_decider_13          time:   [75.416 ms 77.255 ms 78.734 ms]
                        change: [-13.716% -10.770% -8.0891%] (p = 0.00 < 0.05)
                        Performance has improved.
Found 1 outliers among 10 measurements (10.00%)
  1 (10.00%) low mild

acc_decider_14          time:   [132.89 ms 137.02 ms 141.41 ms]
                        change: [-37.791% -31.646% -24.495%] (p = 0.00 < 0.05)
                        Performance has improved.

Benchmarking acc_decider_15: Warming up for 3.0000 s
Warning: Unable to complete 10 samples in 2.0s. You may wish to increase target time to 2.7s.
acc_decider_15          time:   [246.21 ms 250.15 ms 254.58 ms]
                        change: [-18.777% -17.245% -15.499%] (p = 0.00 < 0.05)
                        Performance has improved.

Benchmarking acc_decider_16: Warming up for 3.0000 s
Warning: Unable to complete 10 samples in 2.0s. You may wish to increase target time to 5.1s.
acc_decider_16          time:   [475.49 ms 490.91 ms 506.15 ms]
                        change: [-13.894% -10.976% -8.0499%] (p = 0.00 < 0.05)
                        Performance has improved.

Benchmarking acc_decider_17: Warming up for 3.0000 s
Warning: Unable to complete 10 samples in 2.0s. You may wish to increase target time to 6.9s.
acc_decider_17          time:   [633.39 ms 666.47 ms 700.48 ms]
                        change: [-48.662% -45.014% -41.391%] (p = 0.00 < 0.05)
                        Performance has improved.

Benchmarking acc_decider_18: Warming up for 3.0000 s
Warning: Unable to complete 10 samples in 2.0s. You may wish to increase target time to 10.5s.
acc_decider_18          time:   [1.0093 s 1.0684 s 1.1282 s]
                        change: [-58.953% -55.116% -51.095%] (p = 0.00 < 0.05)
                        Performance has improved.

Benchmarking acc_decider_19: Warming up for 3.0000 s
Warning: Unable to complete 10 samples in 2.0s. You may wish to increase target time to 21.0s.
acc_decider_19          time:   [1.9579 s 2.0201 s 2.0821 s]
                        change: [-55.706% -53.748% -51.708%] (p = 0.00 < 0.05)
                        Performance has improved.

Benchmarking acc_decider_20: Warming up for 3.0000 s
Warning: Unable to complete 10 samples in 2.0s. You may wish to increase target time to 38.5s.
acc_decider_20          time:   [3.6334 s 3.6975 s 3.7579 s]
                        change: [-60.771% -58.742% -56.694%] (p = 0.00 < 0.05)
                        Performance has improved.

h_get_poly_10           time:   [12.321 µs 12.546 µs 13.068 µs]
                        change: [-26.484% -22.401% -18.122%] (p = 0.00 < 0.05)
                        Performance has improved.

msm_affine_new/2        time:   [99.528 µs 101.63 µs 106.78 µs]
                        change: [-14.116% -4.1525% +6.4097%] (p = 0.47 > 0.05)
                        No change in performance detected.
msm_affine_new/3        time:   [103.38 µs 105.43 µs 111.06 µs]
                        change: [-37.134% -24.476% -9.0847%] (p = 0.01 < 0.05)
                        Performance has improved.
msm_affine_new/4        time:   [135.83 µs 143.55 µs 161.46 µs]
                        change: [-21.458% -5.5565% +13.833%] (p = 0.58 > 0.05)
                        No change in performance detected.
msm_affine_new/5        time:   [131.41 µs 133.16 µs 137.79 µs]
                        change: [-47.250% -36.311% -22.427%] (p = 0.00 < 0.05)
                        Performance has improved.
Found 1 outliers among 10 measurements (10.00%)
  1 (10.00%) high mild
msm_affine_new/6        time:   [164.95 µs 169.85 µs 181.86 µs]
                        change: [-39.113% -26.990% -11.223%] (p = 0.01 < 0.05)
                        Performance has improved.
msm_affine_new/7        time:   [159.71 µs 161.23 µs 165.48 µs]
                        change: [-43.554% -33.129% -20.109%] (p = 0.00 < 0.05)
                        Performance has improved.
Found 1 outliers among 10 measurements (10.00%)
  1 (10.00%) high mild
msm_affine_new/8        time:   [201.61 µs 212.61 µs 239.04 µs]
                        change: [-25.517% -6.3840% +16.443%] (p = 0.58 > 0.05)
                        No change in performance detected.
msm_affine_new/9        time:   [190.13 µs 191.49 µs 195.26 µs]
                        change: [-43.786% -32.856% -19.394%] (p = 0.00 < 0.05)
                        Performance has improved.
Found 1 outliers among 10 measurements (10.00%)
  1 (10.00%) high mild
msm_affine_new/10       time:   [233.42 µs 244.21 µs 269.45 µs]
                        change: [-24.293% -8.4736% +10.336%] (p = 0.40 > 0.05)
                        No change in performance detected.
msm_affine_new/11       time:   [220.14 µs 223.58 µs 232.05 µs]
                        change: [-51.914% -40.223% -24.637%] (p = 0.00 < 0.05)
                        Performance has improved.
Found 1 outliers among 10 measurements (10.00%)
  1 (10.00%) high mild
msm_affine_new/12       time:   [275.86 µs 291.75 µs 321.48 µs]
                        change: [-22.257% -7.9918% +9.3650%] (p = 0.38 > 0.05)
                        No change in performance detected.
msm_affine_new/13       time:   [247.50 µs 250.37 µs 258.34 µs]
                        change: [-38.510% -28.169% -16.495%] (p = 0.00 < 0.05)
                        Performance has improved.
Found 1 outliers among 10 measurements (10.00%)
  1 (10.00%) high mild
msm_affine_new/14       time:   [296.92 µs 307.83 µs 334.18 µs]
                        change: [-39.728% -26.623% -8.8830%] (p = 0.02 < 0.05)
                        Performance has improved.
msm_affine_new/15       time:   [276.50 µs 279.42 µs 287.40 µs]
                        change: [-44.976% -32.925% -16.869%] (p = 0.00 < 0.05)
                        Performance has improved.
Found 1 outliers among 10 measurements (10.00%)
  1 (10.00%) high mild
msm_affine_new/16       time:   [328.23 µs 340.43 µs 369.91 µs]
                        change: [-31.251% -16.256% +2.0602%] (p = 0.12 > 0.05)
                        No change in performance detected.
msm_affine_new/17       time:   [305.03 µs 310.09 µs 317.91 µs]
                        change: [-46.449% -33.777% -17.403%] (p = 0.00 < 0.05)
                        Performance has improved.
Found 1 outliers among 10 measurements (10.00%)
  1 (10.00%) high mild
msm_affine_new/18       time:   [375.99 µs 395.18 µs 442.11 µs]
                        change: [-27.133% -7.7786% +16.231%] (p = 0.52 > 0.05)
                        No change in performance detected.
msm_affine_new/19       time:   [332.11 µs 337.12 µs 350.88 µs]
                        change: [-40.815% -29.466% -15.275%] (p = 0.00 < 0.05)
                        Performance has improved.
msm_affine_new/20       time:   [415.62 µs 432.95 µs 468.25 µs]
                        change: [-25.002% -8.5406% +11.507%] (p = 0.42 > 0.05)
                        No change in performance detected.

msm_affine_old/2        time:   [88.621 µs 89.550 µs 92.123 µs]
                        change: [-48.234% -36.626% -21.338%] (p = 0.00 < 0.05)
                        Performance has improved.
Found 1 outliers among 10 measurements (10.00%)
  1 (10.00%) high mild
msm_affine_old/3        time:   [122.31 µs 127.33 µs 139.15 µs]
                        change: [-28.912% -13.629% +5.8693%] (p = 0.19 > 0.05)
                        No change in performance detected.
msm_affine_old/4        time:   [116.88 µs 119.09 µs 124.95 µs]
                        change: [-38.129% -26.384% -11.057%] (p = 0.01 < 0.05)
                        Performance has improved.
msm_affine_old/5        time:   [148.80 µs 153.05 µs 163.59 µs]
                        change: [-24.163% -11.517% +4.0763%] (p = 0.18 > 0.05)
                        No change in performance detected.
msm_affine_old/6        time:   [145.71 µs 147.33 µs 151.81 µs]
                        change: [-42.632% -32.573% -19.479%] (p = 0.00 < 0.05)
                        Performance has improved.
Found 1 outliers among 10 measurements (10.00%)
  1 (10.00%) high mild
msm_affine_old/7        time:   [181.09 µs 186.96 µs 201.55 µs]
                        change: [-30.659% -16.532% +1.1777%] (p = 0.10 > 0.05)
                        No change in performance detected.
msm_affine_old/8        time:   [175.46 µs 177.21 µs 181.98 µs]
                        change: [-46.162% -33.534% -18.003%] (p = 0.00 < 0.05)
                        Performance has improved.
Found 1 outliers among 10 measurements (10.00%)
  1 (10.00%) high mild
msm_affine_old/9        time:   [220.34 µs 232.68 µs 262.00 µs]
                        change: [-24.411% -4.8748% +17.084%] (p = 0.68 > 0.05)
                        No change in performance detected.
msm_affine_old/10       time:   [205.13 µs 210.27 µs 224.33 µs]
                        change: [-37.934% -26.127% -11.382%] (p = 0.01 < 0.05)
                        Performance has improved.
msm_affine_old/11       time:   [247.70 µs 256.89 µs 279.16 µs]
                        change: [-34.800% -20.504% -3.2453%] (p = 0.05 > 0.05)
                        No change in performance detected.
msm_affine_old/12       time:   [233.10 µs 237.13 µs 248.07 µs]
                        change: [-44.184% -32.608% -17.769%] (p = 0.00 < 0.05)
                        Performance has improved.
msm_affine_old/13       time:   [278.47 µs 287.73 µs 310.74 µs]
                        change: [-26.247% -13.371% +1.3104%] (p = 0.12 > 0.05)
                        No change in performance detected.
msm_affine_old/14       time:   [260.53 µs 263.83 µs 272.97 µs]
                        change: [-44.459% -33.145% -18.296%] (p = 0.00 < 0.05)
                        Performance has improved.
Found 1 outliers among 10 measurements (10.00%)
  1 (10.00%) high mild
msm_affine_old/15       time:   [310.88 µs 319.02 µs 339.33 µs]
                        change: [-35.173% -22.324% -5.9932%] (p = 0.03 < 0.05)
                        Performance has improved.
msm_affine_old/16       time:   [289.60 µs 292.55 µs 300.92 µs]
                        change: [-44.890% -33.882% -20.197%] (p = 0.00 < 0.05)
                        Performance has improved.
Found 1 outliers among 10 measurements (10.00%)
  1 (10.00%) high mild
msm_affine_old/17       time:   [352.98 µs 363.18 µs 384.89 µs]
                        change: [-31.612% -17.967% -0.3845%] (p = 0.08 > 0.05)
                        No change in performance detected.
msm_affine_old/18       time:   [320.58 µs 326.97 µs 344.52 µs]
                        change: [-44.561% -32.735% -18.038%] (p = 0.00 < 0.05)
                        Performance has improved.
msm_affine_old/19       time:   [382.97 µs 402.07 µs 448.56 µs]
                        change: [-34.102% -19.141% +1.5392%] (p = 0.09 > 0.05)
                        No change in performance detected.
msm_affine_old/20       time:   [347.12 µs 349.90 µs 357.85 µs]
                        change: [-44.143% -33.443% -20.579%] (p = 0.00 < 0.05)
                        Performance has improved.
Found 1 outliers among 10 measurements (10.00%)
  1 (10.00%) high mild

msm_scalar_new/2        time:   [19.650 µs 21.285 µs 22.504 µs]
                        change: [-10.275% -6.7979% -4.5116%] (p = 0.00 < 0.05)
                        Performance has improved.
Found 1 outliers among 10 measurements (10.00%)
  1 (10.00%) low severe
msm_scalar_new/3        time:   [19.759 µs 23.129 µs 25.048 µs]
                        change: [-32.572% -27.051% -20.580%] (p = 0.00 < 0.05)
                        Performance has improved.
msm_scalar_new/4        time:   [18.940 µs 19.458 µs 20.121 µs]
                        change: [-35.589% -32.854% -30.050%] (p = 0.00 < 0.05)
                        Performance has improved.
msm_scalar_new/5        time:   [22.529 µs 24.464 µs 28.617 µs]
                        change: [-24.401% -15.682% -6.3669%] (p = 0.01 < 0.05)
                        Performance has improved.
msm_scalar_new/6        time:   [26.429 µs 27.763 µs 28.387 µs]
                        change: [-30.535% -22.931% -15.282%] (p = 0.00 < 0.05)
                        Performance has improved.
msm_scalar_new/7        time:   [21.538 µs 25.379 µs 27.452 µs]
                        change: [-37.990% -31.306% -24.288%] (p = 0.00 < 0.05)
                        Performance has improved.
msm_scalar_new/8        time:   [19.767 µs 20.167 µs 20.647 µs]
                        change: [-37.109% -34.051% -31.176%] (p = 0.00 < 0.05)
                        Performance has improved.
msm_scalar_new/9        time:   [23.907 µs 26.142 µs 30.458 µs]
                        change: [-23.167% -14.249% -5.1024%] (p = 0.00 < 0.05)
                        Performance has improved.
msm_scalar_new/10       time:   [26.787 µs 29.139 µs 30.160 µs]
                        change: [-28.861% -22.350% -15.420%] (p = 0.00 < 0.05)
                        Performance has improved.
msm_scalar_new/11       time:   [21.163 µs 22.909 µs 24.780 µs]
                        change: [-34.666% -30.590% -26.189%] (p = 0.00 < 0.05)
                        Performance has improved.
msm_scalar_new/12       time:   [21.067 µs 22.321 µs 25.363 µs]
                        change: [-30.137% -21.625% -12.146%] (p = 0.00 < 0.05)
                        Performance has improved.
msm_scalar_new/13       time:   [27.945 µs 28.844 µs 29.397 µs]
                        change: [-22.327% -17.249% -12.215%] (p = 0.00 < 0.05)
                        Performance has improved.
msm_scalar_new/14       time:   [21.601 µs 25.689 µs 28.143 µs]
                        change: [-33.834% -27.248% -19.707%] (p = 0.00 < 0.05)
                        Performance has improved.
Found 1 outliers among 10 measurements (10.00%)
  1 (10.00%) high mild
msm_scalar_new/15       time:   [20.042 µs 20.678 µs 21.535 µs]
                        change: [-39.069% -35.014% -30.872%] (p = 0.00 < 0.05)
                        Performance has improved.
msm_scalar_new/16       time:   [20.784 µs 22.448 µs 26.104 µs]
                        change: [-25.156% -15.297% -5.5318%] (p = 0.01 < 0.05)
                        Performance has improved.
msm_scalar_new/17       time:   [27.336 µs 29.576 µs 30.636 µs]
                        change: [-24.972% -18.986% -11.690%] (p = 0.00 < 0.05)
                        Performance has improved.
msm_scalar_new/18       time:   [22.538 µs 25.427 µs 27.847 µs]
                        change: [-33.046% -29.148% -23.906%] (p = 0.00 < 0.05)
                        Performance has improved.
Found 3 outliers among 10 measurements (30.00%)
  1 (10.00%) low mild
  2 (20.00%) high severe
msm_scalar_new/19       time:   [22.083 µs 22.601 µs 23.591 µs]
                        change: [-38.164% -29.171% -19.416%] (p = 0.00 < 0.05)
                        Performance has improved.
Found 1 outliers among 10 measurements (10.00%)
  1 (10.00%) high mild
msm_scalar_new/20       time:   [29.999 µs 30.540 µs 30.817 µs]
                        change: [-13.696% -10.125% -6.7377%] (p = 0.00 < 0.05)
                        Performance has improved.

msm_scalar/2            time:   [16.093 µs 18.761 µs 20.525 µs]
                        change: [-34.316% -28.730% -22.315%] (p = 0.00 < 0.05)
                        Performance has improved.
Found 2 outliers among 10 measurements (20.00%)
  2 (20.00%) high mild
msm_scalar/3            time:   [18.827 µs 19.014 µs 19.478 µs]
                        change: [-33.640% -29.843% -25.009%] (p = 0.00 < 0.05)
                        Performance has improved.
msm_scalar/4            time:   [24.014 µs 25.923 µs 27.629 µs]
                        change: [-8.7245% -2.2577% +4.5671%] (p = 0.55 > 0.05)
                        No change in performance detected.
Found 2 outliers among 10 measurements (20.00%)
  1 (10.00%) low mild
  1 (10.00%) high mild
msm_scalar/5            time:   [23.537 µs 26.286 µs 28.064 µs]
                        change: [-28.811% -24.197% -19.008%] (p = 0.00 < 0.05)
                        Performance has improved.
Found 2 outliers among 10 measurements (20.00%)
  2 (20.00%) high mild
msm_scalar/6            time:   [20.213 µs 20.370 µs 20.717 µs]
                        change: [-37.426% -32.260% -27.699%] (p = 0.00 < 0.05)
                        Performance has improved.
Found 1 outliers among 10 measurements (10.00%)
  1 (10.00%) high mild
msm_scalar/7            time:   [23.136 µs 25.731 µs 29.866 µs]
                        change: [-42.556% -30.736% -17.211%] (p = 0.00 < 0.05)
                        Performance has improved.
Found 2 outliers among 10 measurements (20.00%)
  2 (20.00%) low mild
msm_scalar/8            time:   [23.708 µs 26.170 µs 27.297 µs]
                        change: [-32.680% -25.068% -16.870%] (p = 0.00 < 0.05)
                        Performance has improved.
msm_scalar/9            time:   [22.029 µs 24.015 µs 25.974 µs]
                        change: [-34.943% -31.194% -27.266%] (p = 0.00 < 0.05)
                        Performance has improved.
Found 1 outliers among 10 measurements (10.00%)
  1 (10.00%) high mild
msm_scalar/10           time:   [22.525 µs 23.684 µs 26.234 µs]
                        change: [-27.787% -18.315% -9.4839%] (p = 0.00 < 0.05)
                        Performance has improved.
msm_scalar/11           time:   [29.051 µs 30.301 µs 31.072 µs]
                        change: [-18.456% -13.804% -8.7744%] (p = 0.00 < 0.05)
                        Performance has improved.
msm_scalar/12           time:   [21.267 µs 24.615 µs 26.715 µs]
                        change: [-37.849% -32.990% -26.935%] (p = 0.00 < 0.05)
                        Performance has improved.
Found 1 outliers among 10 measurements (10.00%)
  1 (10.00%) high mild
msm_scalar/13           time:   [20.852 µs 21.013 µs 21.360 µs]
                        change: [-35.542% -32.456% -28.979%] (p = 0.00 < 0.05)
                        Performance has improved.
Found 1 outliers among 10 measurements (10.00%)
  1 (10.00%) high mild
msm_scalar/14           time:   [23.582 µs 26.365 µs 30.386 µs]
                        change: [-17.619% -8.9891% -1.2289%] (p = 0.04 < 0.05)
                        Performance has improved.
Found 2 outliers among 10 measurements (20.00%)
  2 (20.00%) low severe
msm_scalar/15           time:   [23.637 µs 26.542 µs 27.892 µs]
                        change: [-30.243% -23.408% -15.229%] (p = 0.00 < 0.05)
                        Performance has improved.
msm_scalar/16           time:   [19.927 µs 22.154 µs 24.482 µs]
                        change: [-33.282% -29.220% -23.867%] (p = 0.00 < 0.05)
                        Performance has improved.
Found 1 outliers among 10 measurements (10.00%)
  1 (10.00%) high severe
msm_scalar/17           time:   [23.211 µs 24.190 µs 26.563 µs]
                        change: [-30.888% -20.605% -8.6334%] (p = 0.00 < 0.05)
                        Performance has improved.
msm_scalar/18           time:   [30.102 µs 30.759 µs 31.104 µs]
                        change: [-57.023% -50.454% -41.673%] (p = 0.00 < 0.05)
                        Performance has improved.
msm_scalar/19           time:   [21.860 µs 24.819 µs 27.346 µs]
                        change: [-35.997% -31.473% -26.172%] (p = 0.00 < 0.05)
                        Performance has improved.
Found 1 outliers among 10 measurements (10.00%)
  1 (10.00%) high mild
msm_scalar/20           time:   [21.677 µs 22.078 µs 23.009 µs]
                        change: [-36.311% -26.715% -13.915%] (p = 0.00 < 0.05)
                        Performance has improved.
Found 2 outliers among 10 measurements (20.00%)
  1 (10.00%) high mild
  1 (10.00%) high severe

msm_rand_new/2          time:   [99.899 µs 101.59 µs 105.61 µs]
                        change: [-24.279% -14.720% -3.8659%] (p = 0.03 < 0.05)
                        Performance has improved.
msm_rand_new/3          time:   [105.61 µs 107.00 µs 110.85 µs]
                        change: [-38.543% -27.285% -13.520%] (p = 0.00 < 0.05)
                        Performance has improved.
Found 1 outliers among 10 measurements (10.00%)
  1 (10.00%) high mild
msm_rand_new/4          time:   [138.13 µs 143.59 µs 156.92 µs]
                        change: [-23.871% -8.1763% +10.406%] (p = 0.40 > 0.05)
                        No change in performance detected.
msm_rand_new/5          time:   [135.22 µs 138.26 µs 144.99 µs]
                        change: [-43.571% -32.454% -18.711%] (p = 0.00 < 0.05)
                        Performance has improved.
Found 1 outliers among 10 measurements (10.00%)
  1 (10.00%) high mild
msm_rand_new/6          time:   [172.61 µs 181.79 µs 203.80 µs]
                        change: [-27.046% -8.2143% +14.279%] (p = 0.48 > 0.05)
                        No change in performance detected.
msm_rand_new/7          time:   [163.26 µs 164.80 µs 169.13 µs]
                        change: [-43.675% -33.523% -20.673%] (p = 0.00 < 0.05)
                        Performance has improved.
Found 1 outliers among 10 measurements (10.00%)
  1 (10.00%) high mild
msm_rand_new/8          time:   [203.16 µs 212.91 µs 236.54 µs]
                        change: [-31.796% -15.446% +5.1469%] (p = 0.16 > 0.05)
                        No change in performance detected.
msm_rand_new/9          time:   [192.96 µs 196.03 µs 204.47 µs]
                        change: [-43.844% -32.627% -19.002%] (p = 0.00 < 0.05)
                        Performance has improved.
Found 1 outliers among 10 measurements (10.00%)
  1 (10.00%) high mild
msm_rand_new/10         time:   [233.15 µs 240.30 µs 257.77 µs]
                        change: [-26.836% -13.585% +3.0328%] (p = 0.14 > 0.05)
                        No change in performance detected.
msm_rand_new/11         time:   [222.02 µs 225.13 µs 233.89 µs]
                        change: [-37.645% -26.246% -12.102%] (p = 0.01 < 0.05)
                        Performance has improved.
Found 1 outliers among 10 measurements (10.00%)
  1 (10.00%) high mild
msm_rand_new/12         time:   [263.97 µs 271.45 µs 290.11 µs]
                        change: [-28.500% -15.720% -0.1224%] (p = 0.09 > 0.05)
                        No change in performance detected.
msm_rand_new/13         time:   [250.83 µs 255.66 µs 268.93 µs]
                        change: [-34.442% -22.107% -7.0435%] (p = 0.02 < 0.05)
                        Performance has improved.
msm_rand_new/14         time:   [300.46 µs 312.67 µs 341.94 µs]
                        change: [-32.353% -19.244% -2.8657%] (p = 0.06 > 0.05)
                        No change in performance detected.
msm_rand_new/15         time:   [279.54 µs 283.27 µs 293.78 µs]
                        change: [-45.826% -34.380% -19.987%] (p = 0.00 < 0.05)
                        Performance has improved.
msm_rand_new/16         time:   [332.40 µs 341.57 µs 360.86 µs]
                        change: [-36.344% -24.315% -9.2936%] (p = 0.01 < 0.05)
                        Performance has improved.
msm_rand_new/17         time:   [308.18 µs 312.34 µs 321.80 µs]
                        change: [-48.288% -38.477% -25.868%] (p = 0.00 < 0.05)
                        Performance has improved.
Found 1 outliers among 10 measurements (10.00%)
  1 (10.00%) high mild
msm_rand_new/18         time:   [369.81 µs 387.21 µs 429.62 µs]
                        change: [-30.480% -13.587% +7.9335%] (p = 0.24 > 0.05)
                        No change in performance detected.
msm_rand_new/19         time:   [336.68 µs 339.56 µs 347.69 µs]
                        change: [-42.501% -32.140% -19.273%] (p = 0.00 < 0.05)
                        Performance has improved.
Found 1 outliers among 10 measurements (10.00%)
  1 (10.00%) high mild
msm_rand_new/20         time:   [400.43 µs 417.18 µs 458.10 µs]
                        change: [-27.268% -12.007% +7.2788%] (p = 0.24 > 0.05)
                        No change in performance detected.

msm_rand_old/2          time:   [109.40 µs 113.30 µs 121.82 µs]
                        change: [-36.155% -21.621% -4.5079%] (p = 0.04 < 0.05)
                        Performance has improved.
Found 2 outliers among 10 measurements (20.00%)
  2 (20.00%) high severe
msm_rand_old/3          time:   [144.45 µs 152.15 µs 169.63 µs]
                        change: [-23.033% -7.7947% +11.517%] (p = 0.43 > 0.05)
                        No change in performance detected.
msm_rand_old/4          time:   [148.88 µs 151.04 µs 154.24 µs]
                        change: [-47.300% -36.764% -23.985%] (p = 0.00 < 0.05)
                        Performance has improved.
Found 2 outliers among 10 measurements (20.00%)
  1 (10.00%) high mild
  1 (10.00%) high severe
msm_rand_old/5          time:   [195.79 µs 206.46 µs 225.97 µs]
                        change: [-43.546% -25.224% +0.4662%] (p = 0.10 > 0.05)
                        No change in performance detected.
msm_rand_old/6          time:   [189.50 µs 197.79 µs 222.61 µs]
                        change: [-57.873% -44.918% -24.564%] (p = 0.00 < 0.05)
                        Performance has improved.
Found 1 outliers among 10 measurements (10.00%)
  1 (10.00%) high severe
msm_rand_old/7          time:   [341.98 µs 361.89 µs 386.87 µs]
                        change: [-27.393% -7.6879% +17.094%] (p = 0.59 > 0.05)
                        No change in performance detected.
msm_rand_old/8          time:   [297.37 µs 331.13 µs 385.14 µs]
                        change: [-38.759% -18.070% +8.3955%] (p = 0.23 > 0.05)
                        No change in performance detected.
msm_rand_old/9          time:   [393.38 µs 435.97 µs 475.59 µs]
                        change: [-29.033% -17.408% -3.1025%] (p = 0.04 < 0.05)
                        Performance has improved.
Found 1 outliers among 10 measurements (10.00%)
  1 (10.00%) low mild
msm_rand_old/10         time:   [347.05 µs 397.58 µs 490.96 µs]
                        change: [-27.373% -3.0897% +27.886%] (p = 0.84 > 0.05)
                        No change in performance detected.
msm_rand_old/11         time:   [437.22 µs 480.44 µs 520.75 µs]
                        change: [-30.728% -18.796% -4.9070%] (p = 0.03 < 0.05)
                        Performance has improved.
msm_rand_old/12         time:   [405.46 µs 454.31 µs 529.57 µs]
                        change: [-34.213% -18.739% -0.1741%] (p = 0.07 > 0.05)
                        No change in performance detected.
Found 2 outliers among 10 measurements (20.00%)
  2 (20.00%) high mild
msm_rand_old/13         time:   [498.96 µs 521.43 µs 562.18 µs]
                        change: [-33.739% -16.602% +6.4313%] (p = 0.16 > 0.05)
                        No change in performance detected.
msm_rand_old/14         time:   [449.10 µs 461.17 µs 495.29 µs]
                        change: [-45.745% -29.628% -8.7479%] (p = 0.02 < 0.05)
                        Performance has improved.
Found 1 outliers among 10 measurements (10.00%)
  1 (10.00%) high mild
msm_rand_old/15         time:   [542.55 µs 553.46 µs 575.33 µs]
                        change: [-33.364% -23.778% -12.154%] (p = 0.00 < 0.05)
                        Performance has improved.
Found 1 outliers among 10 measurements (10.00%)
  1 (10.00%) high severe
msm_rand_old/16         time:   [491.08 µs 506.57 µs 546.75 µs]
                        change: [-36.650% -25.794% -13.027%] (p = 0.00 < 0.05)
                        Performance has improved.
msm_rand_old/17         time:   [566.67 µs 583.99 µs 616.73 µs]
                        change: [-31.572% -17.757% +1.3349%] (p = 0.08 > 0.05)
                        No change in performance detected.
Found 1 outliers among 10 measurements (10.00%)
  1 (10.00%) high mild
msm_rand_old/18         time:   [541.76 µs 575.61 µs 665.08 µs]
                        change: [-28.571% -10.450% +10.230%] (p = 0.34 > 0.05)
                        No change in performance detected.
msm_rand_old/19         time:   [602.96 µs 657.69 µs 727.01 µs]
                        change: [-30.454% -17.394% -2.3946%] (p = 0.06 > 0.05)
                        No change in performance detected.
Found 1 outliers among 10 measurements (10.00%)
  1 (10.00%) high mild
msm_rand_old/20         time:   [672.17 µs 723.99 µs 784.48 µs]
                        change: [-26.407% -8.6287% +16.391%] (p = 0.45 > 0.05)
                        No change in performance detected.
Found 1 outliers among 10 measurements (10.00%)
