pcdl_commit_2           time:   [261.53 µs 263.81 µs 269.55 µs]
pcdl_commit_3           time:   [373.17 µs 374.38 µs 375.71 µs]
pcdl_commit_4           time:   [566.74 µs 567.48 µs 568.41 µs]
pcdl_commit_5           time:   [877.18 µs 878.21 µs 879.85 µs]
pcdl_commit_6           time:   [1.4579 ms 1.4921 ms 1.5553 ms]
pcdl_commit_7           time:   [2.2518 ms 2.2567 ms 2.2629 ms]
pcdl_commit_8           time:   [3.8930 ms 3.9412 ms 4.0036 ms]
pcdl_commit_9           time:   [6.6146 ms 6.6245 ms 6.6312 ms]
pcdl_commit_10          time:   [11.448 ms 11.487 ms 11.562 ms]
pcdl_commit_11          time:   [20.700 ms 20.704 ms 20.709 ms]
pcdl_commit_12          time:   [37.087 ms 37.166 ms 37.213 ms]
pcdl_commit_13          time:   [68.954 ms 69.099 ms 69.301 ms]
pcdl_commit_14          time:   [127.00 ms 127.90 ms 128.82 ms]
pcdl_commit_15          time:   [237.91 ms 244.89 ms 252.88 ms]
pcdl_commit_16          time:   [427.41 ms 428.09 ms 429.15 ms]
pcdl_commit_17          time:   [837.57 ms 850.75 ms 869.71 ms]
pcdl_commit_18          time:   [1.6255 s 1.6424 s 1.6649 s]
pcdl_commit_19          time:   [2.9656 s 2.9839 s 3.0048 s]
pcdl_commit_20          time:   [5.8361 s 5.8725 s 5.9111 s]
pcdl_open_2             time:   [1.8343 ms 1.8412 ms 1.8505 ms]
pcdl_open_3             time:   [2.9841 ms 2.9873 ms 2.9935 ms]
pcdl_open_4             time:   [5.0080 ms 5.1961 ms 5.4072 ms]
pcdl_open_5             time:   [8.1442 ms 8.1679 ms 8.1814 ms]
pcdl_open_6             time:   [13.964 ms 14.030 ms 14.117 ms]
pcdl_open_7             time:   [24.718 ms 24.828 ms 24.899 ms]
pcdl_open_8             time:   [45.842 ms 46.619 ms 47.955 ms]
pcdl_open_9             time:   [85.420 ms 85.591 ms 85.741 ms]
pcdl_open_10            time:   [162.78 ms 164.35 ms 166.26 ms]
pcdl_open_11            time:   [315.23 ms 317.69 ms 319.51 ms]
pcdl_open_12            time:   [634.64 ms 648.08 ms 661.22 ms]
pcdl_open_13            time:   [1.3883 s 1.5045 s 1.6137 s]
pcdl_open_14            time:   [2.4677 s 2.5089 s 2.5567 s]
pcdl_open_15            time:   [4.9804 s 5.0143 s 5.0460 s]
pcdl_open_16            time:   [9.9288 s 9.9886 s 10.046 s]
pcdl_open_17            time:   [19.978 s 20.089 s 20.203 s]
pcdl_open_18            time:   [40.470 s 40.691 s 40.908 s]
pcdl_open_19            time:   [82.674 s 84.641 s 86.891 s]
pcdl_open_20            time:   [167.04 s 168.13 s 169.27 s]
pcdl_check_2            time:   [1.2083 ms 1.2831 ms 1.3696 ms]
pcdl_check_3            time:   [1.4183 ms 1.4237 ms 1.4291 ms]
pcdl_check_4            time:   [1.8263 ms 1.8386 ms 1.8586 ms]
pcdl_check_5            time:   [2.4359 ms 2.5112 ms 2.5992 ms]
pcdl_check_6            time:   [3.1271 ms 3.1346 ms 3.1412 ms]
pcdl_check_7            time:   [4.1856 ms 4.1998 ms 4.2294 ms]
pcdl_check_8            time:   [6.0674 ms 6.0741 ms 6.0840 ms]
pcdl_check_9            time:   [9.3750 ms 9.3886 ms 9.4047 ms]
pcdl_check_10           time:   [15.009 ms 15.031 ms 15.055 ms]
pcdl_check_11           time:   [25.555 ms 25.625 ms 25.710 ms]
pcdl_check_12           time:   [46.278 ms 47.716 ms 49.090 ms]
pcdl_check_13           time:   [82.805 ms 83.087 ms 83.470 ms]
pcdl_check_14           time:   [153.75 ms 157.32 ms 162.24 ms]
pcdl_check_15           time:   [287.66 ms 292.79 ms 300.11 ms]
pcdl_check_16           time:   [547.87 ms 556.29 ms 567.97 ms]
pcdl_check_17           time:   [1.0809 s 1.0947 s 1.1163 s]
pcdl_check_18           time:   [2.1498 s 2.1660 s 2.1879 s]
pcdl_check_19           time:   [4.0459 s 4.0841 s 4.1258 s]
pcdl_check_20           time:   [8.2506 s 8.3053 s 8.3580 s]
pcdl_succinct_check_2   time:   [892.28 µs 893.74 µs 896.00 µs]
pcdl_succinct_check_3   time:   [1.0876 ms 1.0952 ms 1.1015 ms]
pcdl_succinct_check_4   time:   [1.2552 ms 1.2599 ms 1.2627 ms]
pcdl_succinct_check_5   time:   [1.4487 ms 1.4507 ms 1.4555 ms]
pcdl_succinct_check_6   time:   [1.6492 ms 1.6700 ms 1.6956 ms]
pcdl_succinct_check_7   time:   [1.8439 ms 1.8518 ms 1.8564 ms]
pcdl_succinct_check_8   time:   [2.0365 ms 2.0436 ms 2.0638 ms]
pcdl_succinct_check_9   time:   [2.2009 ms 2.2059 ms 2.2093 ms]
pcdl_succinct_check_10  time:   [2.4103 ms 2.4116 ms 2.4140 ms]
pcdl_succinct_check_11  time:   [2.6359 ms 2.6780 ms 2.7790 ms]
pcdl_succinct_check_12  time:   [2.8052 ms 2.8170 ms 2.8415 ms]
pcdl_succinct_check_13  time:   [3.1834 ms 3.2848 ms 3.4140 ms]
pcdl_succinct_check_14  time:   [3.3109 ms 3.4591 ms 3.6162 ms]
pcdl_succinct_check_15  time:   [3.6261 ms 3.6594 ms 3.7322 ms]
pcdl_succinct_check_16  time:   [3.5231 ms 3.6143 ms 3.7328 ms]
pcdl_succinct_check_17  time:   [3.7236 ms 3.7363 ms 3.7499 ms]
pcdl_succinct_check_18  time:   [3.9988 ms 4.1906 ms 4.3408 ms]
pcdl_succinct_check_19  time:   [4.1010 ms 4.1065 ms 4.1134 ms]
pcdl_succinct_check_20  time:   [4.3300 ms 4.4620 ms 4.5815 ms]
acc_prover_2            time:   [3.2861 ms 3.2930 ms 3.3029 ms]
acc_prover_3            time:   [4.7325 ms 4.7973 ms 4.8742 ms]
acc_prover_4            time:   [6.8266 ms 6.8774 ms 6.9728 ms]
acc_prover_5            time:   [10.244 ms 10.628 ms 10.983 ms]
acc_prover_6            time:   [21.686 ms 22.853 ms 23.549 ms]
acc_prover_7            time:   [27.329 ms 27.417 ms 27.590 ms]
acc_prover_8            time:   [48.882 ms 49.955 ms 51.917 ms]
acc_prover_9            time:   [88.430 ms 89.043 ms 89.674 ms]
acc_prover_10           time:   [169.74 ms 173.57 ms 178.77 ms]
acc_prover_11           time:   [321.91 ms 323.37 ms 325.04 ms]
acc_prover_12           time:   [633.40 ms 647.56 ms 666.85 ms]
acc_prover_13           time:   [1.2507 s 1.2655 s 1.2855 s]
acc_prover_14           time:   [2.4887 s 2.5209 s 2.5631 s]
acc_prover_15           time:   [5.0081 s 5.0541 s 5.1025 s]
acc_prover_16           time:   [11.134 s 12.114 s 13.237 s]
acc_prover_17           time:   [23.949 s 25.129 s 26.293 s]
acc_prover_18           time:   [44.357 s 47.057 s 50.036 s]
acc_prover_19           time:   [88.618 s 93.063 s 97.635 s]
acc_prover_20           time:   [173.73 s 178.05 s 182.55 s]
acc_verifier_2          time:   [1.2779 ms 1.3067 ms 1.3411 ms]
acc_verifier_3          time:   [1.4403 ms 1.4436 ms 1.4477 ms]
acc_verifier_4          time:   [1.6221 ms 1.6263 ms 1.6313 ms]
acc_verifier_5          time:   [1.8499 ms 1.9107 ms 2.0003 ms]
acc_verifier_6          time:   [2.0169 ms 2.0391 ms 2.0618 ms]
acc_verifier_7          time:   [2.2367 ms 2.2678 ms 2.3137 ms]
acc_verifier_8          time:   [2.3952 ms 2.4688 ms 2.5675 ms]
acc_verifier_9          time:   [2.8113 ms 2.9328 ms 3.0081 ms]
acc_verifier_10         time:   [2.8026 ms 3.0881 ms 3.4471 ms]
acc_verifier_11         time:   [3.3392 ms 3.4954 ms 3.7289 ms]
acc_verifier_12         time:   [3.6205 ms 3.7310 ms 3.8605 ms]
acc_verifier_13         time:   [3.4013 ms 3.4671 ms 3.5217 ms]
acc_verifier_14         time:   [3.5406 ms 3.5537 ms 3.5742 ms]
acc_verifier_15         time:   [3.7690 ms 3.8243 ms 3.8913 ms]
acc_verifier_16         time:   [4.1252 ms 4.2270 ms 4.4339 ms]
acc_verifier_17         time:   [4.4494 ms 4.5593 ms 4.7416 ms]
acc_verifier_18         time:   [4.4931 ms 4.7896 ms 5.0478 ms]
acc_verifier_19         time:   [4.4891 ms 4.6862 ms 4.9705 ms]
acc_verifier_20         time:   [5.0178 ms 5.2836 ms 5.6316 ms]
acc_decider_2           time:   [1.1159 ms 1.1320 ms 1.1495 ms]
acc_decider_3           time:   [1.4959 ms 1.5210 ms 1.5406 ms]
acc_decider_4           time:   [1.9810 ms 2.0781 ms 2.1492 ms]
acc_decider_5           time:   [2.5903 ms 2.7006 ms 2.9287 ms]
acc_decider_6           time:   [3.2816 ms 3.4407 ms 3.5982 ms]
acc_decider_7           time:   [4.3071 ms 4.3997 ms 4.6377 ms]
acc_decider_8           time:   [6.0994 ms 6.1059 ms 6.1129 ms]
acc_decider_9           time:   [9.4129 ms 9.5841 ms 9.7107 ms]
acc_decider_10          time:   [15.000 ms 15.026 ms 15.060 ms]
acc_decider_11          time:   [27.052 ms 28.761 ms 30.560 ms]
acc_decider_12          time:   [46.284 ms 49.795 ms 52.962 ms]
acc_decider_13          time:   [84.708 ms 86.580 ms 88.513 ms]
acc_decider_14          time:   [182.46 ms 200.46 ms 219.25 ms]
acc_decider_15          time:   [299.33 ms 302.28 ms 305.50 ms]
acc_decider_16          time:   [545.88 ms 551.43 ms 558.04 ms]
acc_decider_17          time:   [1.1630 s 1.2121 s 1.2606 s]
acc_decider_18          time:   [2.2374 s 2.3804 s 2.5374 s]
acc_decider_19          time:   [4.2377 s 4.3676 s 4.4986 s]
acc_decider_20          time:   [8.5652 s 8.9618 s 9.4032 s]
